


ARM Macro Assembler    Page 1 


    1 00000000         #line   1                "mymain.s"
    1 00000000                 PRESERVE8
    2 00000000                 AREA             MyCode, CODE, READONLY
    3 00000000                 EXPORT           asmmain
    4 00000000 40048038 
                       my_SIM_SCGC5
                               EQU              0x40048038
    5 00000000 00000800 
                       my_GPIOC_clken
                               EQU              0x00000800
    6 00000000 4004B000 
                       my_PORTC_PCR0
                               EQU              0x4004B000
    7 00000000 00000140 
                       my_PORTC_PCR_value
                               EQU              0x00000140
    8 00000000 400FF094 
                       my_GPIOC_PDDR
                               EQU              0x400FF094
    9 00000000 000007FF 
                       my_GPIOC_PDDR_value
                               EQU              0x000007FF
   10 00000000 4004803C 
                       my_SIM_SCGC6
                               EQU              0x4004803C
   11 00000000 00800000 
                       my_SCGC6_value
                               EQU              0x00800000
   12 00000000 40037110 
                       my_PIT_LDVAL1
                               EQU              0x40037110
   13 00000000 40037118 
                       my_PIT_TCTRL1
                               EQU              0x40037118
   14 00000000 00000020 
                       my_NVIC_value
                               EQU              0x00000020
   15 00000000 E000E100 
                       my_NVIC_addr
                               EQU              0xE000E100
   16 00000000 40037000 
                       my_PIT_MCR
                               EQU              0x40037000
   17 00000000 00000009 
                       my_LDVAL1_value
                               EQU              0x00000009
   18 00000000 00000001 
                       my_PIT_TFLG1
                               EQU              0x00000001
   19 00000000         asmmain
   20 00000000         configure
   21 00000000 4A20            LDR              r2,=my_SIM_SCGC5
   22 00000002 F44F 6100       LDR              r1,=my_GPIOC_clken
   23 00000006 6813            LDR              r3,[r2]
   24 00000008 EA43 0301       ORR              r3,r3,r1
   25 0000000C 6013            STR              r3,[r2]
   26 0000000E         
   27 0000000E F04F 0400       MOV              r4,#0
   28 00000012 4A1D            LDR              r2,=my_PORTC_PCR0



ARM Macro Assembler    Page 2 


   29 00000014 F44F 71A0       LDR              r1,=my_PORTC_PCR_value
   30 00000018         
   31 00000018         next_portc
   32 00000018 F842 1B04       STR              r1,[r2],#4
   33 0000001C F104 0401       ADD              r4,r4,#1
   34 00000020 2C0B            CMP              r4,#11
   35 00000022 D1F9            BNE              next_portc
   36 00000024         
   37 00000024         pinDir
   38 00000024         
   39 00000024 4A19            LDR              r2,=my_GPIOC_PDDR
   40 00000026 F240 71FF       LDR              r1,=my_GPIOC_PDDR_value
   41 0000002A 6011            STR              r1,[r2]
   42 0000002C         
   43 0000002C         setPitTimer
   44 0000002C 4A18            LDR              r2,=my_SIM_SCGC6
   45 0000002E F44F 0100       LDR              r1,=my_SCGC6_value
   46 00000032 6810            LDR              r0,[r2]
   47 00000034 EA40 0001       ORR              r0,r0,r1
   48 00000038 6010            STR              r0,[r2]
   49 0000003A 4A16            LDR              r2, =my_PIT_MCR
   50 0000003C F04F 0000       MOV              r0, #0
   51 00000040 6010            STR              r0,[r2]
   52 00000042 4A15            LDR              r2,=my_PIT_LDVAL1
   53 00000044 F04F 0109       LDR              r1,=my_LDVAL1_value
   54 00000048 6011            STR              r1,[r2]
   55 0000004A 4A14            LDR              r2,=my_PIT_TCTRL1
   56 0000004C F04F 0003       MOV              r0,#0x3
   57 00000050 6010            STR              r0,[r2]
   58 00000052         
   59 00000052         enableInterrupt
   60 00000052 F04F 0220       LDR              r2,=my_NVIC_value
   61 00000056 4912            LDR              r1,=my_NVIC_addr
   62 00000058 608A            STR              r2, [r1,#0x8]
   63 0000005A         
   64 0000005A         ISR
   65 0000005A B500            PUSH             {lr}
   66 0000005C B43C            PUSH             {r2-r5}
   67 0000005E F04F 0201       LDR              r2,=my_PIT_TFLG1
   68 00000062 F04F 0301       MOV              r3,#0x01
   69 00000066 6013            STR              r3,[r2]
   70 00000068 4A0E            LDR              r2, =irqcounter
   71 0000006A 7813            LDRB             r3,[r2]
   72 0000006C 2B03            CMP              r3,#3
   73 0000006E DA03            BGE              start_over
   74 00000070 F103 0301       ADD              r3,#1
   75 00000074 F000 F802       BL               update_int_cnt
   76 00000078         start_over
   77 00000078 F04F 0301       MOV              r3,#0x01
   78 0000007C         update_int_cnt
   79 0000007C 7013            STRB             r3,[r2]
   80 0000007E BC3C            POP              {r2-r5}
   81 00000080 BD00            pop              {pc}
   82 00000082         
   83 00000082         
   84 00000082         
   85 00000082 00 00           ALIGN
   86 00000084 40048038 
              4004B000 



ARM Macro Assembler    Page 3 


              400FF094 
              4004803C 
              40037000 
              40037110 
              40037118 
              E000E100 
              00000000         AREA             MyDara, DATA, READWRITE
   87 00000000 00      irqcounter
                               DCB              0x0
   88 00000001                 END
Command Line: --debug --xref --cpreproc --diag_suppress=9931,1609,1581 --cpu=Co
rtex-M4 --apcs=interwork --depend=.\objects\mymain.d -o.\objects\mymain.o -IC:\
Freescale\KSDK_1.2.0\examples\twrk60d100m\engg3640f20labs\Lab4\RTE -IC:\Keil_v5
\ARM\PACK\Keil\Kinetis_K60_DFP\1.5.0\Device\Include -IC:\Keil_v5\ARM\CMSIS\Incl
ude --predefine="__UVISION_VERSION SETA 518" --predefine="MK60DN512xxx10 SETA 1
" --predefine="DEBUG SETA 1" --list=.\listings\mymain.lst mymain.s



ARM Macro Assembler    Page 1 Alphabetic symbol ordering
Relocatable symbols

ISR 0000005A

Symbol: ISR
   Definitions
      At line 64 in file mymain.s
   Uses
      None
Comment: ISR unused
MyCode 00000000

Symbol: MyCode
   Definitions
      At line 2 in file mymain.s
   Uses
      None
Comment: MyCode unused
asmmain 00000000

Symbol: asmmain
   Definitions
      At line 19 in file mymain.s
   Uses
      At line 3 in file mymain.s
Comment: asmmain used once
configure 00000000

Symbol: configure
   Definitions
      At line 20 in file mymain.s
   Uses
      None
Comment: configure unused
enableInterrupt 00000052

Symbol: enableInterrupt
   Definitions
      At line 59 in file mymain.s
   Uses
      None
Comment: enableInterrupt unused
next_portc 00000018

Symbol: next_portc
   Definitions
      At line 31 in file mymain.s
   Uses
      At line 35 in file mymain.s
Comment: next_portc used once
pinDir 00000024

Symbol: pinDir
   Definitions
      At line 37 in file mymain.s
   Uses
      None
Comment: pinDir unused
setPitTimer 0000002C

Symbol: setPitTimer



ARM Macro Assembler    Page 2 Alphabetic symbol ordering
Relocatable symbols

   Definitions
      At line 43 in file mymain.s
   Uses
      None
Comment: setPitTimer unused
start_over 00000078

Symbol: start_over
   Definitions
      At line 76 in file mymain.s
   Uses
      At line 73 in file mymain.s
Comment: start_over used once
update_int_cnt 0000007C

Symbol: update_int_cnt
   Definitions
      At line 78 in file mymain.s
   Uses
      At line 75 in file mymain.s
Comment: update_int_cnt used once
10 symbols



ARM Macro Assembler    Page 1 Alphabetic symbol ordering
Relocatable symbols

MyDara 00000000

Symbol: MyDara
   Definitions
      At line 86 in file mymain.s
   Uses
      None
Comment: MyDara unused
irqcounter 00000000

Symbol: irqcounter
   Definitions
      At line 87 in file mymain.s
   Uses
      At line 70 in file mymain.s
Comment: irqcounter used once
2 symbols



ARM Macro Assembler    Page 1 Alphabetic symbol ordering
Absolute symbols

my_GPIOC_PDDR 400FF094

Symbol: my_GPIOC_PDDR
   Definitions
      At line 8 in file mymain.s
   Uses
      At line 39 in file mymain.s
Comment: my_GPIOC_PDDR used once
my_GPIOC_PDDR_value 000007FF

Symbol: my_GPIOC_PDDR_value
   Definitions
      At line 9 in file mymain.s
   Uses
      At line 40 in file mymain.s
Comment: my_GPIOC_PDDR_value used once
my_GPIOC_clken 00000800

Symbol: my_GPIOC_clken
   Definitions
      At line 5 in file mymain.s
   Uses
      At line 22 in file mymain.s
Comment: my_GPIOC_clken used once
my_LDVAL1_value 00000009

Symbol: my_LDVAL1_value
   Definitions
      At line 17 in file mymain.s
   Uses
      At line 53 in file mymain.s
Comment: my_LDVAL1_value used once
my_NVIC_addr E000E100

Symbol: my_NVIC_addr
   Definitions
      At line 15 in file mymain.s
   Uses
      At line 61 in file mymain.s
Comment: my_NVIC_addr used once
my_NVIC_value 00000020

Symbol: my_NVIC_value
   Definitions
      At line 14 in file mymain.s
   Uses
      At line 60 in file mymain.s
Comment: my_NVIC_value used once
my_PIT_LDVAL1 40037110

Symbol: my_PIT_LDVAL1
   Definitions
      At line 12 in file mymain.s
   Uses
      At line 52 in file mymain.s
Comment: my_PIT_LDVAL1 used once
my_PIT_MCR 40037000

Symbol: my_PIT_MCR



ARM Macro Assembler    Page 2 Alphabetic symbol ordering
Absolute symbols

   Definitions
      At line 16 in file mymain.s
   Uses
      At line 49 in file mymain.s
Comment: my_PIT_MCR used once
my_PIT_TCTRL1 40037118

Symbol: my_PIT_TCTRL1
   Definitions
      At line 13 in file mymain.s
   Uses
      At line 55 in file mymain.s
Comment: my_PIT_TCTRL1 used once
my_PIT_TFLG1 00000001

Symbol: my_PIT_TFLG1
   Definitions
      At line 18 in file mymain.s
   Uses
      At line 67 in file mymain.s
Comment: my_PIT_TFLG1 used once
my_PORTC_PCR0 4004B000

Symbol: my_PORTC_PCR0
   Definitions
      At line 6 in file mymain.s
   Uses
      At line 28 in file mymain.s
Comment: my_PORTC_PCR0 used once
my_PORTC_PCR_value 00000140

Symbol: my_PORTC_PCR_value
   Definitions
      At line 7 in file mymain.s
   Uses
      At line 29 in file mymain.s
Comment: my_PORTC_PCR_value used once
my_SCGC6_value 00800000

Symbol: my_SCGC6_value
   Definitions
      At line 11 in file mymain.s
   Uses
      At line 45 in file mymain.s
Comment: my_SCGC6_value used once
my_SIM_SCGC5 40048038

Symbol: my_SIM_SCGC5
   Definitions
      At line 4 in file mymain.s
   Uses
      At line 21 in file mymain.s
Comment: my_SIM_SCGC5 used once
my_SIM_SCGC6 4004803C

Symbol: my_SIM_SCGC6
   Definitions
      At line 10 in file mymain.s
   Uses



ARM Macro Assembler    Page 3 Alphabetic symbol ordering
Absolute symbols

      At line 44 in file mymain.s
Comment: my_SIM_SCGC6 used once
15 symbols
362 symbols in table
